<?xml version="1.0" encoding="UTF-8"?>
<!DOCTYPE html PUBLIC "-//W3C//DTD XHTML 1.0 Strict//EN" "http://www.w3.org/TR/xhtml1/DTD/xhtml1-strict.dtd">
<html xmlns="http://www.w3.org/1999/xhtml">
<head>
    <title>Test Report</title>
    <meta name="generator" content="HTMLTestRunner 0.8.2"/>
    <meta http-equiv="Content-Type" content="text/html; charset=UTF-8"/>
    
<style type="text/css" media="screen">
body        { font-family: verdana, arial, helvetica, sans-serif; font-size: 80%; }
table       { font-size: 100%; }
pre         { }

/* -- heading ---------------------------------------------------------------------- */
h1 {
	font-size: 16pt;
	color: gray;
}
.heading {
    margin-top: 0ex;
    margin-bottom: 1ex;
}

.heading .attribute {
    margin-top: 1ex;
    margin-bottom: 0;
}

.heading .description {
    margin-top: 4ex;
    margin-bottom: 6ex;
}

/* -- css div popup ------------------------------------------------------------------------ */
a.popup_link {
}

a.popup_link:hover {
    color: red;
}

.popup_window {
    display: none;
    position: relative;
    left: 0px;
    top: 0px;
    /*border: solid #627173 1px; */
    padding: 10px;
    background-color: #E6E6D6;
    font-family: "Lucida Console", "Courier New", Courier, monospace;
    text-align: left;
    font-size: 8pt;
    width: 500px;
}

}
/* -- report ------------------------------------------------------------------------ */
#show_detail_line {
    margin-top: 3ex;
    margin-bottom: 1ex;
}
#result_table {
    width: 80%;
    border-collapse: collapse;
    border: 1px solid #777;
}
#header_row {
    font-weight: bold;
    color: white;
    background-color: #777;
}
#result_table td {
    border: 1px solid #777;
    padding: 2px;
}
#total_row  { font-weight: bold; }
.passClass  { background-color: #6c6; }
.failClass  { background-color: #c60; }
.errorClass { background-color: #c00; }
.passCase   { color: #6c6; }
.failCase   { color: #c60; font-weight: bold; }
.errorCase  { color: #c00; font-weight: bold; }
.hiddenRow  { display: none; }
.testcase   { margin-left: 2em; }


/* -- ending ---------------------------------------------------------------------- */
#ending {
}

</style>

</head>
<body>
<script language="javascript" type="text/javascript"><!--
output_list = Array();

/* level - 0:Summary; 1:Failed; 2:All */
function showCase(level) {
    trs = document.getElementsByTagName("tr");
    for (var i = 0; i < trs.length; i++) {
        tr = trs[i];
        id = tr.id;
        if (id.substr(0,2) == 'ft') {
            if (level < 1) {
                tr.className = 'hiddenRow';
            }
            else {
                tr.className = '';
            }
        }
        if (id.substr(0,2) == 'pt') {
            if (level > 1) {
                tr.className = '';
            }
            else {
                tr.className = 'hiddenRow';
            }
        }
    }
}


function showClassDetail(cid, count) {
    var id_list = Array(count);
    var toHide = 1;
    for (var i = 0; i < count; i++) {
        tid0 = 't' + cid.substr(1) + '.' + (i+1);
        tid = 'f' + tid0;
        tr = document.getElementById(tid);
        if (!tr) {
            tid = 'p' + tid0;
            tr = document.getElementById(tid);
        }
        id_list[i] = tid;
        if (tr.className) {
            toHide = 0;
        }
    }
    for (var i = 0; i < count; i++) {
        tid = id_list[i];
        if (toHide) {
            document.getElementById('div_'+tid).style.display = 'none'
            document.getElementById(tid).className = 'hiddenRow';
        }
        else {
            document.getElementById(tid).className = '';
        }
    }
}


function showTestDetail(div_id){
    var details_div = document.getElementById(div_id)
    var displayState = details_div.style.display
    // alert(displayState)
    if (displayState != 'block' ) {
        displayState = 'block'
        details_div.style.display = 'block'
    }
    else {
        details_div.style.display = 'none'
    }
}


function html_escape(s) {
    s = s.replace(/&/g,'&amp;');
    s = s.replace(/</g,'&lt;');
    s = s.replace(/>/g,'&gt;');
    return s;
}

/* obsoleted by detail in <div>
function showOutput(id, name) {
    var w = window.open("", //url
                    name,
                    "resizable,scrollbars,status,width=800,height=450");
    d = w.document;
    d.write("<pre>");
    d.write(html_escape(output_list[id]));
    d.write("\n");
    d.write("<a href='javascript:window.close()'>close</a>\n");
    d.write("</pre>\n");
    d.close();
}
*/
--></script>

<div class='heading'>
<h1>Test Report</h1>
<p class='attribute'><strong>Start Time:</strong> 2023-12-04 16:51:25</p>
<p class='attribute'><strong>Duration:</strong> 0:00:16.894556</p>
<p class='attribute'><strong>Status:</strong> Error 2</p>

<p class='description'>Your description</p>
</div>



<p id='show_detail_line'>Show
<a href='javascript:showCase(0)'>Summary</a>
<a href='javascript:showCase(1)'>Failed</a>
<a href='javascript:showCase(2)'>All</a>
</p>
<table id='result_table'>
<colgroup>
<col align='left' />
<col align='right' />
<col align='right' />
<col align='right' />
<col align='right' />
<col align='right' />
</colgroup>
<tr id='header_row'>
    <td>Test Group/Test case</td>
    <td>Count</td>
    <td>Pass</td>
    <td>Fail</td>
    <td>Error</td>
    <td>View</td>
</tr>

<tr class='errorClass'>
    <td>TestMilelens_3</td>
    <td>2</td>
    <td>0</td>
    <td>0</td>
    <td>2</td>
    <td><a href="javascript:showClassDetail('c1',2)">Detail</a></td>
</tr>

<tr id='ft1.1' class='none'>
    <td class='errorCase'><div class='testcase'>test_search</div></td>
    <td colspan='5' align='center'>

    <!--css div popup start-->
    <a class="popup_link" onfocus='this.blur();' href="javascript:showTestDetail('div_ft1.1')" >
        error</a>

    <div id='div_ft1.1' class="popup_window">
        <div style='text-align: right; color:red;cursor:pointer'>
        <a onfocus='this.blur();' onclick="document.getElementById('div_ft1.1').style.display = 'none' " >
           [x]</a>
        </div>
        <pre>
        
ft1.1: Traceback (most recent call last):
  File "/Users/xiaozhongwai/Desktop/Test-master/Test_framework/test/case/test_milelens_3.py", line 49, in test_search
    self.page.postKeywords()
  File "/Users/xiaozhongwai/Desktop/Test-master/Test_framework/test/page/milelens_kol_search.py", line 209, in postKeywords
    self.find_element(*self.close_popup).click()
  File "/Users/xiaozhongwai/Desktop/Test-master/Test_framework/test/common/page.py", line 58, in find_element
    return self.driver.find_element(*args)
  File "/Users/xiaozhongwai/Desktop/Test-master/venv/lib/python3.10/site-packages/selenium/webdriver/remote/webdriver.py", line 741, in find_element
    return self.execute(Command.FIND_ELEMENT, {"using": by, "value": value})["value"]
  File "/Users/xiaozhongwai/Desktop/Test-master/venv/lib/python3.10/site-packages/selenium/webdriver/remote/webdriver.py", line 347, in execute
    self.error_handler.check_response(response)
  File "/Users/xiaozhongwai/Desktop/Test-master/venv/lib/python3.10/site-packages/selenium/webdriver/remote/errorhandler.py", line 229, in check_response
    raise exception_class(message, screen, stacktrace)
selenium.common.exceptions.NoSuchWindowException: Message: no such window: target window already closed
from unknown error: web view not found
  (Session info: chrome=119.0.6045.199)
Stacktrace:
0   chromedriver                        0x000000010b3b2918 chromedriver + 4794648
1   chromedriver                        0x000000010b3a9ea3 chromedriver + 4759203
2   chromedriver                        0x000000010af8388d chromedriver + 407693
3   chromedriver                        0x000000010af57758 chromedriver + 227160
4   chromedriver                        0x000000010afff50f chromedriver + 914703
5   chromedriver                        0x000000010b0150e6 chromedriver + 1003750
6   chromedriver                        0x000000010aff9a73 chromedriver + 891507
7   chromedriver                        0x000000010afc4133 chromedriver + 672051
8   chromedriver                        0x000000010afc530e chromedriver + 676622
9   chromedriver                        0x000000010b373675 chromedriver + 4535925
10  chromedriver                        0x000000010b3786f7 chromedriver + 4556535
11  chromedriver                        0x000000010b358f11 chromedriver + 4427537
12  chromedriver                        0x000000010b37945d chromedriver + 4559965
13  chromedriver                        0x000000010b34a3ec chromedriver + 4367340
14  chromedriver                        0x000000010b398eb8 chromedriver + 4689592
15  chromedriver                        0x000000010b39906e chromedriver + 4690030
16  chromedriver                        0x000000010b3a9ade chromedriver + 4758238
17  libsystem_pthread.dylib             0x00007ff803dfc4e1 _pthread_start + 125
18  libsystem_pthread.dylib             0x00007ff803df7f6b thread_start + 15

Traceback (most recent call last):
  File "/Users/xiaozhongwai/Desktop/Test-master/Test_framework/test/case/test_milelens_3.py", line 49, in test_search
    self.page.postKeywords()
  File "/Users/xiaozhongwai/Desktop/Test-master/Test_framework/test/page/milelens_kol_search.py", line 209, in postKeywords
    self.find_element(*self.close_popup).click()
  File "/Users/xiaozhongwai/Desktop/Test-master/Test_framework/test/common/page.py", line 58, in find_element
    return self.driver.find_element(*args)
  File "/Users/xiaozhongwai/Desktop/Test-master/venv/lib/python3.10/site-packages/selenium/webdriver/remote/webdriver.py", line 741, in find_element
    return self.execute(Command.FIND_ELEMENT, {"using": by, "value": value})["value"]
  File "/Users/xiaozhongwai/Desktop/Test-master/venv/lib/python3.10/site-packages/selenium/webdriver/remote/webdriver.py", line 347, in execute
    self.error_handler.check_response(response)
  File "/Users/xiaozhongwai/Desktop/Test-master/venv/lib/python3.10/site-packages/selenium/webdriver/remote/errorhandler.py", line 229, in check_response
    raise exception_class(message, screen, stacktrace)
selenium.common.exceptions.NoSuchWindowException: Message: no such window: target window already closed
from unknown error: web view not found
  (Session info: chrome=119.0.6045.199)
Stacktrace:
0   chromedriver                        0x000000010b3b2918 chromedriver + 4794648
1   chromedriver                        0x000000010b3a9ea3 chromedriver + 4759203
2   chromedriver                        0x000000010af8388d chromedriver + 407693
3   chromedriver                        0x000000010af57758 chromedriver + 227160
4   chromedriver                        0x000000010afff50f chromedriver + 914703
5   chromedriver                        0x000000010b0150e6 chromedriver + 1003750
6   chromedriver                        0x000000010aff9a73 chromedriver + 891507
7   chromedriver                        0x000000010afc4133 chromedriver + 672051
8   chromedriver                        0x000000010afc530e chromedriver + 676622
9   chromedriver                        0x000000010b373675 chromedriver + 4535925
10  chromedriver                        0x000000010b3786f7 chromedriver + 4556535
11  chromedriver                        0x000000010b358f11 chromedriver + 4427537
12  chromedriver                        0x000000010b37945d chromedriver + 4559965
13  chromedriver                        0x000000010b34a3ec chromedriver + 4367340
14  chromedriver                        0x000000010b398eb8 chromedriver + 4689592
15  chromedriver                        0x000000010b39906e chromedriver + 4690030
16  chromedriver                        0x000000010b3a9ade chromedriver + 4758238
17  libsystem_pthread.dylib             0x00007ff803dfc4e1 _pthread_start + 125
18  libsystem_pthread.dylib             0x00007ff803df7f6b thread_start + 15



        </pre>
    </div>
    <!--css div popup end-->

    </td>
</tr>

<tr id='ft1.2' class='none'>
    <td class='errorCase'><div class='testcase'>test_sub_setUp</div></td>
    <td colspan='5' align='center'>

    <!--css div popup start-->
    <a class="popup_link" onfocus='this.blur();' href="javascript:showTestDetail('div_ft1.2')" >
        error</a>

    <div id='div_ft1.2' class="popup_window">
        <div style='text-align: right; color:red;cursor:pointer'>
        <a onfocus='this.blur();' onclick="document.getElementById('div_ft1.2').style.display = 'none' " >
           [x]</a>
        </div>
        <pre>
        
ft1.2: Traceback (most recent call last):
  File "/Users/xiaozhongwai/Desktop/Test-master/Test_framework/test/case/test_milelens_3.py", line 34, in test_sub_setUp
    self.page = MilelensLoginPage(browser_type='chrome').get(self.URL, maximize_window=True)
  File "/Users/xiaozhongwai/Desktop/Test-master/Test_framework/test/common/browser.py", line 45, in get
    self.driver.maximize_window()
  File "/Users/xiaozhongwai/Desktop/Test-master/venv/lib/python3.10/site-packages/selenium/webdriver/remote/webdriver.py", line 499, in maximize_window
    self.execute(command, None)
  File "/Users/xiaozhongwai/Desktop/Test-master/venv/lib/python3.10/site-packages/selenium/webdriver/remote/webdriver.py", line 347, in execute
    self.error_handler.check_response(response)
  File "/Users/xiaozhongwai/Desktop/Test-master/venv/lib/python3.10/site-packages/selenium/webdriver/remote/errorhandler.py", line 229, in check_response
    raise exception_class(message, screen, stacktrace)
selenium.common.exceptions.NoSuchWindowException: Message: no such window: target window already closed
from unknown error: web view not found
  (Session info: chrome=119.0.6045.199)
Stacktrace:
0   chromedriver                        0x0000000109041918 chromedriver + 4794648
1   chromedriver                        0x0000000109038ea3 chromedriver + 4759203
2   chromedriver                        0x0000000108c1288d chromedriver + 407693
3   chromedriver                        0x0000000108be6758 chromedriver + 227160
4   chromedriver                        0x0000000108c8e50f chromedriver + 914703
5   chromedriver                        0x0000000108ca40e6 chromedriver + 1003750
6   chromedriver                        0x0000000108c88a73 chromedriver + 891507
7   chromedriver                        0x0000000108c53133 chromedriver + 672051
8   chromedriver                        0x0000000108c5430e chromedriver + 676622
9   chromedriver                        0x0000000109002675 chromedriver + 4535925
10  chromedriver                        0x00000001090076f7 chromedriver + 4556535
11  chromedriver                        0x0000000108fe7f11 chromedriver + 4427537
12  chromedriver                        0x000000010900845d chromedriver + 4559965
13  chromedriver                        0x0000000108fd93ec chromedriver + 4367340
14  chromedriver                        0x0000000109027eb8 chromedriver + 4689592
15  chromedriver                        0x000000010902806e chromedriver + 4690030
16  chromedriver                        0x0000000109038ade chromedriver + 4758238
17  libsystem_pthread.dylib             0x00007ff803dfc4e1 _pthread_start + 125
18  libsystem_pthread.dylib             0x00007ff803df7f6b thread_start + 15

Traceback (most recent call last):
  File "/Users/xiaozhongwai/Desktop/Test-master/Test_framework/test/case/test_milelens_3.py", line 34, in test_sub_setUp
    self.page = MilelensLoginPage(browser_type='chrome').get(self.URL, maximize_window=True)
  File "/Users/xiaozhongwai/Desktop/Test-master/Test_framework/test/common/browser.py", line 45, in get
    self.driver.maximize_window()
  File "/Users/xiaozhongwai/Desktop/Test-master/venv/lib/python3.10/site-packages/selenium/webdriver/remote/webdriver.py", line 499, in maximize_window
    self.execute(command, None)
  File "/Users/xiaozhongwai/Desktop/Test-master/venv/lib/python3.10/site-packages/selenium/webdriver/remote/webdriver.py", line 347, in execute
    self.error_handler.check_response(response)
  File "/Users/xiaozhongwai/Desktop/Test-master/venv/lib/python3.10/site-packages/selenium/webdriver/remote/errorhandler.py", line 229, in check_response
    raise exception_class(message, screen, stacktrace)
selenium.common.exceptions.NoSuchWindowException: Message: no such window: target window already closed
from unknown error: web view not found
  (Session info: chrome=119.0.6045.199)
Stacktrace:
0   chromedriver                        0x0000000109041918 chromedriver + 4794648
1   chromedriver                        0x0000000109038ea3 chromedriver + 4759203
2   chromedriver                        0x0000000108c1288d chromedriver + 407693
3   chromedriver                        0x0000000108be6758 chromedriver + 227160
4   chromedriver                        0x0000000108c8e50f chromedriver + 914703
5   chromedriver                        0x0000000108ca40e6 chromedriver + 1003750
6   chromedriver                        0x0000000108c88a73 chromedriver + 891507
7   chromedriver                        0x0000000108c53133 chromedriver + 672051
8   chromedriver                        0x0000000108c5430e chromedriver + 676622
9   chromedriver                        0x0000000109002675 chromedriver + 4535925
10  chromedriver                        0x00000001090076f7 chromedriver + 4556535
11  chromedriver                        0x0000000108fe7f11 chromedriver + 4427537
12  chromedriver                        0x000000010900845d chromedriver + 4559965
13  chromedriver                        0x0000000108fd93ec chromedriver + 4367340
14  chromedriver                        0x0000000109027eb8 chromedriver + 4689592
15  chromedriver                        0x000000010902806e chromedriver + 4690030
16  chromedriver                        0x0000000109038ade chromedriver + 4758238
17  libsystem_pthread.dylib             0x00007ff803dfc4e1 _pthread_start + 125
18  libsystem_pthread.dylib             0x00007ff803df7f6b thread_start + 15



        </pre>
    </div>
    <!--css div popup end-->

    </td>
</tr>

<tr id='total_row'>
    <td>Total</td>
    <td>2</td>
    <td>0</td>
    <td>0</td>
    <td>2</td>
    <td>&nbsp;</td>
</tr>
</table>

<div id='ending'>&nbsp;</div>

</body>
</html>
